<?xml version="1.0" encoding="UTF-8"?>
<!-- Generated by org.testng.reporters.JUnitReportReporter -->
<testsuite hostname="DESKTOP-O0O3VMK" failures="0" tests="1" name="org.example.TestComputersDesktops" time="7.634" errors="0" timestamp="2023-01-24T15:53:50 CET" skipped="0">
  <testcase classname="org.example.TestComputersDesktops" name="ComputersDesktops" time="7.634"/>
  <system-out/>
</testsuite> <!-- org.example.TestComputersDesktops -->
